[ 2015-01-14T12:46:04+08:00 ] 127.0.0.1 /route/index.php/Home/Ad/addAd.html
INFO: [ app_init ] --START--
INFO: Run Behavior\BuildLiteBehavior [ RunTime:0.000020s ]
INFO: [ app_init ] --END-- [ RunTime:0.000312s ]
INFO: [ app_begin ] --START--
INFO: Run Behavior\ReadHtmlCacheBehavior [ RunTime:0.000654s ]
INFO: [ app_begin ] --END-- [ RunTime:0.000745s ]
SQL: SHOW COLUMNS FROM `tp_ad` [ RunTime:0.0009s ]
SQL: INSERT INTO `tp_ad` (`link`,`image`,`global`,`content`) VALUES ('','','1','<p>这里写你的初始化内容</p>') [ RunTime:0.0137s ]
SQL: SHOW COLUMNS FROM `tp_ad_device` [ RunTime:0.0009s ]
NOTIC: [2] Invalid argument supplied for foreach() /phpstudy/www/route/ThinkPHP/Library/Think/Db/Driver.class.php 第 789 行.
SQL: INSERT INTO `tp_ad_device` () VALUES () [ RunTime:0.0003s ]
NOTIC: [2] Invalid argument supplied for foreach() /phpstudy/www/route/ThinkPHP/Library/Think/Db/Driver.class.php 第 789 行.
SQL: INSERT INTO `tp_ad_device` () VALUES () [ RunTime:0.0003s ]
NOTIC: [8] Undefined index: mapping_name /phpstudy/www/route/ThinkPHP/Library/Think/Model/RelationModel.class.php 第 259 行.

[ 2015-01-14T12:57:31+08:00 ] 127.0.0.1 /route/index.php/Home/Ad/addAd.html
INFO: [ app_init ] --START--
INFO: Run Behavior\BuildLiteBehavior [ RunTime:0.000013s ]
INFO: [ app_init ] --END-- [ RunTime:0.000197s ]
INFO: [ app_begin ] --START--
INFO: Run Behavior\ReadHtmlCacheBehavior [ RunTime:0.000249s ]
INFO: [ app_begin ] --END-- [ RunTime:0.000286s ]

[ 2015-01-14T12:57:37+08:00 ] 127.0.0.1 /route/index.php/Home/Ad/addAd.html
INFO: [ app_init ] --START--
INFO: Run Behavior\BuildLiteBehavior [ RunTime:0.000063s ]
INFO: [ app_init ] --END-- [ RunTime:0.000817s ]
INFO: [ app_begin ] --START--
INFO: Run Behavior\ReadHtmlCacheBehavior [ RunTime:0.000396s ]
INFO: [ app_begin ] --END-- [ RunTime:0.000467s ]

[ 2015-01-14T12:58:13+08:00 ] 127.0.0.1 /route/index.php/Home/Ad/addAd.html
INFO: [ app_init ] --START--
INFO: Run Behavior\BuildLiteBehavior [ RunTime:0.000020s ]
INFO: [ app_init ] --END-- [ RunTime:0.000313s ]
INFO: [ app_begin ] --START--
INFO: Run Behavior\ReadHtmlCacheBehavior [ RunTime:0.000364s ]
INFO: [ app_begin ] --END-- [ RunTime:0.000436s ]

[ 2015-01-14T12:58:13+08:00 ] 127.0.0.1 /route/index.php/Home/Ad/addAd.html
INFO: [ app_init ] --START--
INFO: Run Behavior\BuildLiteBehavior [ RunTime:0.000020s ]
INFO: [ app_init ] --END-- [ RunTime:0.000299s ]
INFO: [ app_begin ] --START--
INFO: Run Behavior\ReadHtmlCacheBehavior [ RunTime:0.000312s ]
INFO: [ app_begin ] --END-- [ RunTime:0.000368s ]

[ 2015-01-14T12:58:49+08:00 ] 127.0.0.1 /route/index.php/Home/Ad/addAd.html
INFO: [ app_init ] --START--
INFO: Run Behavior\BuildLiteBehavior [ RunTime:0.000023s ]
INFO: [ app_init ] --END-- [ RunTime:0.000324s ]
INFO: [ app_begin ] --START--
INFO: Run Behavior\ReadHtmlCacheBehavior [ RunTime:0.000355s ]
INFO: [ app_begin ] --END-- [ RunTime:0.000415s ]

[ 2015-01-14T12:58:50+08:00 ] 127.0.0.1 /route/index.php/Home/Ad/addAd.html
INFO: [ app_init ] --START--
INFO: Run Behavior\BuildLiteBehavior [ RunTime:0.000024s ]
INFO: [ app_init ] --END-- [ RunTime:0.000350s ]
INFO: [ app_begin ] --START--
INFO: Run Behavior\ReadHtmlCacheBehavior [ RunTime:0.000266s ]
INFO: [ app_begin ] --END-- [ RunTime:0.000311s ]

[ 2015-01-14T12:59:02+08:00 ] 127.0.0.1 /route/index.php/Home/Ad/addAd.html
INFO: [ app_init ] --START--
INFO: Run Behavior\BuildLiteBehavior [ RunTime:0.000014s ]
INFO: [ app_init ] --END-- [ RunTime:0.000216s ]
INFO: [ app_begin ] --START--
INFO: Run Behavior\ReadHtmlCacheBehavior [ RunTime:0.000252s ]
INFO: [ app_begin ] --END-- [ RunTime:0.000293s ]

[ 2015-01-14T12:59:33+08:00 ] 127.0.0.1 /route/index.php/Home/Ad/addAd.html
INFO: [ app_init ] --START--
INFO: Run Behavior\BuildLiteBehavior [ RunTime:0.000016s ]
INFO: [ app_init ] --END-- [ RunTime:0.000270s ]
INFO: [ app_begin ] --START--
INFO: Run Behavior\ReadHtmlCacheBehavior [ RunTime:0.000312s ]
INFO: [ app_begin ] --END-- [ RunTime:0.000363s ]

[ 2015-01-14T12:59:33+08:00 ] 127.0.0.1 /route/index.php/Home/Ad/addAd.html
INFO: [ app_init ] --START--
INFO: Run Behavior\BuildLiteBehavior [ RunTime:0.000021s ]
INFO: [ app_init ] --END-- [ RunTime:0.000419s ]
INFO: [ app_begin ] --START--
INFO: Run Behavior\ReadHtmlCacheBehavior [ RunTime:0.000250s ]
INFO: [ app_begin ] --END-- [ RunTime:0.000291s ]

[ 2015-01-14T12:59:34+08:00 ] 127.0.0.1 /route/index.php/Home/Ad/addAd.html
INFO: [ app_init ] --START--
INFO: Run Behavior\BuildLiteBehavior [ RunTime:0.000020s ]
INFO: [ app_init ] --END-- [ RunTime:0.000324s ]
INFO: [ app_begin ] --START--
INFO: Run Behavior\ReadHtmlCacheBehavior [ RunTime:0.000380s ]
INFO: [ app_begin ] --END-- [ RunTime:0.000436s ]

[ 2015-01-14T12:59:34+08:00 ] 127.0.0.1 /route/index.php/Home/Ad/addAd.html
INFO: [ app_init ] --START--
INFO: Run Behavior\BuildLiteBehavior [ RunTime:0.000016s ]
INFO: [ app_init ] --END-- [ RunTime:0.000298s ]
INFO: [ app_begin ] --START--
INFO: Run Behavior\ReadHtmlCacheBehavior [ RunTime:0.000287s ]
INFO: [ app_begin ] --END-- [ RunTime:0.000334s ]

[ 2015-01-14T12:59:41+08:00 ] 127.0.0.1 /route/index.php/Home/Ad/addAd.html
INFO: [ app_init ] --START--
INFO: Run Behavior\BuildLiteBehavior [ RunTime:0.000015s ]
INFO: [ app_init ] --END-- [ RunTime:0.000233s ]
INFO: [ app_begin ] --START--
INFO: Run Behavior\ReadHtmlCacheBehavior [ RunTime:0.000316s ]
INFO: [ app_begin ] --END-- [ RunTime:0.000369s ]

[ 2015-01-14T13:00:48+08:00 ] 127.0.0.1 /route/index.php/Home/Ad/addAd.html
INFO: [ app_init ] --START--
INFO: Run Behavior\BuildLiteBehavior [ RunTime:0.000031s ]
INFO: [ app_init ] --END-- [ RunTime:0.000457s ]
INFO: [ app_begin ] --START--
INFO: Run Behavior\ReadHtmlCacheBehavior [ RunTime:0.000287s ]
INFO: [ app_begin ] --END-- [ RunTime:0.000336s ]
SQL: SHOW COLUMNS FROM `tp_store` [ RunTime:0.0007s ]
SQL: SELECT `id`,`store_name` FROM `tp_store`  [ RunTime:0.0002s ]
SQL: SHOW COLUMNS FROM `tp_device` [ RunTime:0.0008s ]
SQL: SELECT `id`,`device_name`,`only_code` FROM `tp_device` WHERE ( 1=1 AND store_id='14' )  [ RunTime:0.0003s ]
SQL: SELECT `id`,`device_name`,`only_code` FROM `tp_device` WHERE ( 1=1 AND store_id='15' )  [ RunTime:0.0002s ]
SQL: SELECT `id`,`device_name`,`only_code` FROM `tp_device` WHERE ( 1=1 AND store_id='16' )  [ RunTime:0.0002s ]
SQL: SELECT `id`,`device_name`,`only_code` FROM `tp_device` WHERE ( 1=1 AND store_id='25' )  [ RunTime:0.0003s ]
INFO: [ view_parse ] --START--
INFO: [ template_filter ] --START--
INFO: Run Behavior\ContentReplaceBehavior [ RunTime:0.000052s ]
INFO: [ template_filter ] --END-- [ RunTime:0.000118s ]
NOTIC: [8] Undefined variable: configcache /phpstudy/www/route/Application/Runtime/Cache/Home/5cc90c941c355878c46d07841d841631.php 第 5 行.
INFO: Run Behavior\ParseTemplateBehavior [ RunTime:0.014282s ]
INFO: [ view_parse ] --END-- [ RunTime:0.014354s ]
INFO: [ view_filter ] --START--
INFO: Run Behavior\WriteHtmlCacheBehavior [ RunTime:0.000100s ]
INFO: [ view_filter ] --END-- [ RunTime:0.000131s ]
INFO: [ app_end ] --START--
INFO: Run Behavior\ShowPageTraceBehavior [ RunTime:0.000307s ]
INFO: [ app_end ] --END-- [ RunTime:0.000357s ]

[ 2015-01-14T13:00:49+08:00 ] 127.0.0.1 /route/index.php/Home/Ad/
INFO: [ app_init ] --START--
INFO: Run Behavior\BuildLiteBehavior [ RunTime:0.000024s ]
INFO: [ app_init ] --END-- [ RunTime:0.000385s ]
INFO: [ app_begin ] --START--
INFO: Run Behavior\ReadHtmlCacheBehavior [ RunTime:0.000491s ]
INFO: [ app_begin ] --END-- [ RunTime:0.000580s ]
SQL: SHOW COLUMNS FROM `tp_ad` [ RunTime:0.0009s ]
SQL: SELECT * FROM `tp_ad`  [ RunTime:0.0003s ]
INFO: [ view_parse ] --START--
INFO: [ template_filter ] --START--
INFO: Run Behavior\ContentReplaceBehavior [ RunTime:0.000063s ]
INFO: [ template_filter ] --END-- [ RunTime:0.000160s ]
SQL: SHOW COLUMNS FROM `tp_store` [ RunTime:0.0009s ]
SQL: SELECT `store_name` FROM `tp_store` WHERE `id` = 0 LIMIT 1   [ RunTime:0.0003s ]
NOTIC: [8] Use of undefined constant id - assumed 'id' /phpstudy/www/route/Application/Runtime/Cache/Home/ba866296306623719580c1319eb7fea3.php 第 125 行.
SQL: SELECT `store_name` FROM `tp_store` WHERE `id` = 0 LIMIT 1   [ RunTime:0.0004s ]
NOTIC: [8] Use of undefined constant id - assumed 'id' /phpstudy/www/route/Application/Runtime/Cache/Home/ba866296306623719580c1319eb7fea3.php 第 125 行.
SQL: SELECT `store_name` FROM `tp_store` WHERE `id` = 0 LIMIT 1   [ RunTime:0.0003s ]
NOTIC: [8] Use of undefined constant id - assumed 'id' /phpstudy/www/route/Application/Runtime/Cache/Home/ba866296306623719580c1319eb7fea3.php 第 125 行.
NOTIC: [8] Undefined variable: page /phpstudy/www/route/Application/Runtime/Cache/Home/ba866296306623719580c1319eb7fea3.php 第 130 行.
INFO: Run Behavior\ParseTemplateBehavior [ RunTime:0.014564s ]
INFO: [ view_parse ] --END-- [ RunTime:0.014681s ]
INFO: [ view_filter ] --START--
INFO: Run Behavior\WriteHtmlCacheBehavior [ RunTime:0.000502s ]
INFO: [ view_filter ] --END-- [ RunTime:0.000650s ]
INFO: [ app_end ] --START--
INFO: Run Behavior\ShowPageTraceBehavior [ RunTime:0.000897s ]
INFO: [ app_end ] --END-- [ RunTime:0.001041s ]

[ 2015-01-14T13:00:59+08:00 ] 127.0.0.1 /route/index.php/Home/Ad/addAd.html
INFO: [ app_init ] --START--
INFO: Run Behavior\BuildLiteBehavior [ RunTime:0.000021s ]
INFO: [ app_init ] --END-- [ RunTime:0.000286s ]
INFO: [ app_begin ] --START--
INFO: Run Behavior\ReadHtmlCacheBehavior [ RunTime:0.000407s ]
INFO: [ app_begin ] --END-- [ RunTime:0.000501s ]
SQL: SHOW COLUMNS FROM `tp_ad` [ RunTime:0.0011s ]
SQL: INSERT INTO `tp_ad` (`link`,`image`,`global`,`content`) VALUES ('','','1','<p>这里写你的初始化内容</p>') [ RunTime:0.0129s ]
SQL: SHOW COLUMNS FROM `tp_ad_device` [ RunTime:0.0008s ]
SQL: INSERT INTO `tp_ad_device` (`devices`,`ad_id`) VALUES ('设备唯一标识','38') [ RunTime:0.0003s ]
SQL: INSERT INTO `tp_ad_device` (`devices`,`ad_id`) VALUES ('门店4','38') [ RunTime:0.0003s ]

[ 2015-01-14T13:01:00+08:00 ] 127.0.0.1 /route/index.php/Home/Ad/addAd.html
INFO: [ app_init ] --START--
INFO: Run Behavior\BuildLiteBehavior [ RunTime:0.000035s ]
INFO: [ app_init ] --END-- [ RunTime:0.000436s ]
INFO: [ app_begin ] --START--
INFO: Run Behavior\ReadHtmlCacheBehavior [ RunTime:0.000635s ]
INFO: [ app_begin ] --END-- [ RunTime:0.000743s ]
SQL: SHOW COLUMNS FROM `tp_store` [ RunTime:0.0010s ]
SQL: SELECT `id`,`store_name` FROM `tp_store`  [ RunTime:0.0003s ]
SQL: SHOW COLUMNS FROM `tp_device` [ RunTime:0.0008s ]
SQL: SELECT `id`,`device_name`,`only_code` FROM `tp_device` WHERE ( 1=1 AND store_id='14' )  [ RunTime:0.0003s ]
SQL: SELECT `id`,`device_name`,`only_code` FROM `tp_device` WHERE ( 1=1 AND store_id='15' )  [ RunTime:0.0003s ]
SQL: SELECT `id`,`device_name`,`only_code` FROM `tp_device` WHERE ( 1=1 AND store_id='16' )  [ RunTime:0.0003s ]
SQL: SELECT `id`,`device_name`,`only_code` FROM `tp_device` WHERE ( 1=1 AND store_id='25' )  [ RunTime:0.0003s ]
INFO: [ view_parse ] --START--
INFO: [ template_filter ] --START--
INFO: Run Behavior\ContentReplaceBehavior [ RunTime:0.000145s ]
INFO: [ template_filter ] --END-- [ RunTime:0.000249s ]
NOTIC: [8] Undefined variable: configcache /phpstudy/www/route/Application/Runtime/Cache/Home/5cc90c941c355878c46d07841d841631.php 第 5 行.
INFO: Run Behavior\ParseTemplateBehavior [ RunTime:0.012864s ]
INFO: [ view_parse ] --END-- [ RunTime:0.013005s ]
INFO: [ view_filter ] --START--
INFO: Run Behavior\WriteHtmlCacheBehavior [ RunTime:0.000118s ]
INFO: [ view_filter ] --END-- [ RunTime:0.000150s ]
INFO: [ app_end ] --START--
INFO: Run Behavior\ShowPageTraceBehavior [ RunTime:0.000331s ]
INFO: [ app_end ] --END-- [ RunTime:0.000375s ]

[ 2015-01-14T13:01:01+08:00 ] 127.0.0.1 /route/index.php/Home/Ad/
INFO: [ app_init ] --START--
INFO: Run Behavior\BuildLiteBehavior [ RunTime:0.000029s ]
INFO: [ app_init ] --END-- [ RunTime:0.000434s ]
INFO: [ app_begin ] --START--
INFO: Run Behavior\ReadHtmlCacheBehavior [ RunTime:0.000433s ]
INFO: [ app_begin ] --END-- [ RunTime:0.000556s ]
SQL: SHOW COLUMNS FROM `tp_ad` [ RunTime:0.0007s ]
SQL: SELECT * FROM `tp_ad`  [ RunTime:0.0002s ]
INFO: [ view_parse ] --START--
INFO: [ template_filter ] --START--
INFO: Run Behavior\ContentReplaceBehavior [ RunTime:0.000096s ]
INFO: [ template_filter ] --END-- [ RunTime:0.000205s ]
SQL: SHOW COLUMNS FROM `tp_store` [ RunTime:0.0011s ]
SQL: SELECT `store_name` FROM `tp_store` WHERE `id` = 0 LIMIT 1   [ RunTime:0.0002s ]
NOTIC: [8] Use of undefined constant id - assumed 'id' /phpstudy/www/route/Application/Runtime/Cache/Home/ba866296306623719580c1319eb7fea3.php 第 125 行.
SQL: SELECT `store_name` FROM `tp_store` WHERE `id` = 0 LIMIT 1   [ RunTime:0.0001s ]
NOTIC: [8] Use of undefined constant id - assumed 'id' /phpstudy/www/route/Application/Runtime/Cache/Home/ba866296306623719580c1319eb7fea3.php 第 125 行.
SQL: SELECT `store_name` FROM `tp_store` WHERE `id` = 0 LIMIT 1   [ RunTime:0.0001s ]
NOTIC: [8] Use of undefined constant id - assumed 'id' /phpstudy/www/route/Application/Runtime/Cache/Home/ba866296306623719580c1319eb7fea3.php 第 125 行.
SQL: SELECT `store_name` FROM `tp_store` WHERE `id` = 0 LIMIT 1   [ RunTime:0.0001s ]
NOTIC: [8] Use of undefined constant id - assumed 'id' /phpstudy/www/route/Application/Runtime/Cache/Home/ba866296306623719580c1319eb7fea3.php 第 125 行.
NOTIC: [8] Undefined variable: page /phpstudy/www/route/Application/Runtime/Cache/Home/ba866296306623719580c1319eb7fea3.php 第 130 行.
INFO: Run Behavior\ParseTemplateBehavior [ RunTime:0.013553s ]
INFO: [ view_parse ] --END-- [ RunTime:0.013613s ]
INFO: [ view_filter ] --START--
INFO: Run Behavior\WriteHtmlCacheBehavior [ RunTime:0.000196s ]
INFO: [ view_filter ] --END-- [ RunTime:0.000232s ]
INFO: [ app_end ] --START--
INFO: Run Behavior\ShowPageTraceBehavior [ RunTime:0.000341s ]
INFO: [ app_end ] --END-- [ RunTime:0.000382s ]

